********************************************************************************
DUPLICATOR-LITE PACKAGE-LOG: 3 June 2020 11 h 45 min
NOTICE: Do NOT post to public sites or forums 
********************************************************************************
VERSION:	1.3.34
WORDPRESS:	5.4.1
PHP INFO:	7.3.12 | SAPI: apache2handler
SERVER:		Apache/2.4.41 (Win64) PHP/7.3.12 
PHP TIME LIMIT: (0) no time limit imposed 
PHP MAX MEMORY: 4294967296 (256M default) 
MEMORY STACK: 2MB

********************************************************************************
DATABASE:
********************************************************************************
BUILD MODE:   PHP(query limit - 100)
MYSQLTIMEOUT: 5000
MYSQLDUMP:    Not Supported
TABLES: total:43 | filtered:0 | create:43
FILTERED: []
SQL CREATED: 20200603_lecomptoirdugamer_7040aa062e8900d98642_20200603114349_database.sql
SQL FILE SIZE: 1.19MB (1243579)
SQL FILE TIME: 2020-06-03 11:45:39
SQL RUNTIME: 0.68 sec.

********************************************************************************
ARCHIVE (ZIP):
********************************************************************************
ARCHIVE DIR:  C:/wamp64/www/Projet_individuel/wordpress
ARCHIVE FILE: 20200603_lecomptoirdugamer_7040aa062e8900d98642_20200603114349_archive.zip
FILTERS: *OFF*
DIRS:
	not set
FILES:
	not set
EXTS:  not set
----------------------------------------
COMPRESSING
SIZE:	195.02MB
STATS:	Dirs 1,298 | Files 8,737
SQL ADDED: 20200603_lecomptoirdugamer_7040aa062e8900d98642_20200603114349_database.sql
ZipArchive Object
(
    [status] => 0
    [statusSys] => 0
    [numFiles] => 10035
    [filename] => C:\wamp64\www\Projet_individuel\wordpress\wp-snapshots\tmp\20200603_lecomptoirdugamer_7040aa062e8900d98642_20200603114349_archive.zip
    [comment] => 
)

FILE ADDED TO ZIP: 10034
COMPRESSION RESULT: '1'
COMPRESSED SIZE: 91.67MB
ARCHIVE RUNTIME: 78.34 sec.
MEMORY STACK: 4MB
building installer
add_extra_files1
add_extra_files2
add_extra_files3
add_extra_files4
Doing archive file check
add_extra_files5
add_extra_files6
add_extra_files8
Successfully opened zip C:/wamp64/www/Projet_individuel/wordpress/wp-snapshots/tmp/20200603_lecomptoirdugamer_7040aa062e8900d98642_20200603114349_archive.zip
Adding enhanced installer files to archive using ZipArchive
Installer files added to archive
Added to archive
After ziparchive close when adding installer

********************************************************************************
INTEGRITY CHECKS:
********************************************************************************
SQL FILE: 1.19MB
INSTALLER FILE: 61.32KB
ARCHIVE FILE: 93.2MB 
COMPTE ATTENDU DE FICHIERS/RÉPERTOIRES : 10,035
COMPTE ACTUEL DE FICHIERS/RÉPERTOIRES : 10,034
TEST DE COHÉRENCE D’ARCHIVE : Bon

********************************************************************************
RECORD ID:[1]
TOTAL PROCESS RUNTIME: 80.17 sec.
PEAK PHP MEMORY USED: 6MB
DONE PROCESSING => 20200603_lecomptoirdugamer 3 June 2020 11 h 46 min

